{"total": {"lines":{"total":433,"covered":421,"skipped":0,"pct":97.22},"statements":{"total":479,"covered":464,"skipped":0,"pct":96.86},"functions":{"total":79,"covered":74,"skipped":0,"pct":93.67},"branches":{"total":261,"covered":217,"skipped":0,"pct":83.14},"branchesTrue":{"total":0,"covered":0,"skipped":0,"pct":100}}
,"/Users/johnmitsch/qn-oss/packages/libs/sdk/spec/api/client.ts": {"lines":{"total":3,"covered":3,"skipped":0,"pct":100},"functions":{"total":0,"covered":0,"skipped":0,"pct":100},"statements":{"total":3,"covered":3,"skipped":0,"pct":100},"branches":{"total":2,"covered":1,"skipped":0,"pct":50}}
,"/Users/johnmitsch/qn-oss/packages/libs/sdk/spec/testSetup/pollyTestSetup.ts": {"lines":{"total":20,"covered":18,"skipped":0,"pct":90},"functions":{"total":5,"covered":3,"skipped":0,"pct":60},"statements":{"total":20,"covered":18,"skipped":0,"pct":90},"branches":{"total":2,"covered":1,"skipped":0,"pct":50}}
,"/Users/johnmitsch/qn-oss/packages/libs/sdk/src/index.ts": {"lines":{"total":4,"covered":4,"skipped":0,"pct":100},"functions":{"total":2,"covered":1,"skipped":0,"pct":50},"statements":{"total":6,"covered":6,"skipped":0,"pct":100},"branches":{"total":0,"covered":0,"skipped":0,"pct":100}}
,"/Users/johnmitsch/qn-oss/packages/libs/sdk/src/api/api.ts": {"lines":{"total":46,"covered":44,"skipped":0,"pct":95.65},"functions":{"total":18,"covered":17,"skipped":0,"pct":94.44},"statements":{"total":48,"covered":46,"skipped":0,"pct":95.83},"branches":{"total":9,"covered":6,"skipped":0,"pct":66.66}}
,"/Users/johnmitsch/qn-oss/packages/libs/sdk/src/api/index.ts": {"lines":{"total":1,"covered":1,"skipped":0,"pct":100},"functions":{"total":1,"covered":1,"skipped":0,"pct":100},"statements":{"total":2,"covered":2,"skipped":0,"pct":100},"branches":{"total":0,"covered":0,"skipped":0,"pct":100}}
,"/Users/johnmitsch/qn-oss/packages/libs/sdk/src/api/controllers/contracts.ts": {"lines":{"total":11,"covered":11,"skipped":0,"pct":100},"functions":{"total":2,"covered":2,"skipped":0,"pct":100},"statements":{"total":13,"covered":13,"skipped":0,"pct":100},"branches":{"total":4,"covered":3,"skipped":0,"pct":75}}
,"/Users/johnmitsch/qn-oss/packages/libs/sdk/src/api/controllers/events.ts": {"lines":{"total":35,"covered":34,"skipped":0,"pct":97.14},"functions":{"total":6,"covered":6,"skipped":0,"pct":100},"statements":{"total":40,"covered":39,"skipped":0,"pct":97.5},"branches":{"total":34,"covered":30,"skipped":0,"pct":88.23}}
,"/Users/johnmitsch/qn-oss/packages/libs/sdk/src/api/controllers/index.ts": {"lines":{"total":5,"covered":5,"skipped":0,"pct":100},"functions":{"total":5,"covered":5,"skipped":0,"pct":100},"statements":{"total":10,"covered":10,"skipped":0,"pct":100},"branches":{"total":0,"covered":0,"skipped":0,"pct":100}}
,"/Users/johnmitsch/qn-oss/packages/libs/sdk/src/api/controllers/nfts.ts": {"lines":{"total":64,"covered":63,"skipped":0,"pct":98.43},"functions":{"total":9,"covered":9,"skipped":0,"pct":100},"statements":{"total":74,"covered":73,"skipped":0,"pct":98.64},"branches":{"total":78,"covered":64,"skipped":0,"pct":82.05}}
,"/Users/johnmitsch/qn-oss/packages/libs/sdk/src/api/controllers/tokens.ts": {"lines":{"total":38,"covered":38,"skipped":0,"pct":100},"functions":{"total":6,"covered":6,"skipped":0,"pct":100},"statements":{"total":41,"covered":41,"skipped":0,"pct":100},"branches":{"total":48,"covered":42,"skipped":0,"pct":87.5}}
,"/Users/johnmitsch/qn-oss/packages/libs/sdk/src/api/controllers/transactions.ts": {"lines":{"total":40,"covered":39,"skipped":0,"pct":97.5},"functions":{"total":6,"covered":6,"skipped":0,"pct":100},"statements":{"total":46,"covered":45,"skipped":0,"pct":97.82},"branches":{"total":33,"covered":27,"skipped":0,"pct":81.81}}
,"/Users/johnmitsch/qn-oss/packages/libs/sdk/src/api/controllers/utils.ts": {"lines":{"total":21,"covered":20,"skipped":0,"pct":95.23},"functions":{"total":4,"covered":4,"skipped":0,"pct":100},"statements":{"total":22,"covered":21,"skipped":0,"pct":95.45},"branches":{"total":7,"covered":6,"skipped":0,"pct":85.71}}
,"/Users/johnmitsch/qn-oss/packages/libs/sdk/src/api/graphql/customUrqlClient.ts": {"lines":{"total":10,"covered":8,"skipped":0,"pct":80},"functions":{"total":2,"covered":2,"skipped":0,"pct":100},"statements":{"total":11,"covered":9,"skipped":0,"pct":81.81},"branches":{"total":7,"covered":5,"skipped":0,"pct":71.42}}
,"/Users/johnmitsch/qn-oss/packages/libs/sdk/src/api/graphql/generatedTypes.ts": {"lines":{"total":78,"covered":78,"skipped":0,"pct":100},"functions":{"total":0,"covered":0,"skipped":0,"pct":100},"statements":{"total":78,"covered":78,"skipped":0,"pct":100},"branches":{"total":0,"covered":0,"skipped":0,"pct":100}}
,"/Users/johnmitsch/qn-oss/packages/libs/sdk/src/api/utils/constants.ts": {"lines":{"total":1,"covered":1,"skipped":0,"pct":100},"functions":{"total":0,"covered":0,"skipped":0,"pct":100},"statements":{"total":1,"covered":1,"skipped":0,"pct":100},"branches":{"total":0,"covered":0,"skipped":0,"pct":100}}
,"/Users/johnmitsch/qn-oss/packages/libs/sdk/src/api/utils/helpers.ts": {"lines":{"total":5,"covered":4,"skipped":0,"pct":80},"functions":{"total":2,"covered":1,"skipped":0,"pct":50},"statements":{"total":5,"covered":4,"skipped":0,"pct":80},"branches":{"total":0,"covered":0,"skipped":0,"pct":100}}
,"/Users/johnmitsch/qn-oss/packages/libs/sdk/src/api/utils/isValidENSAddress.ts": {"lines":{"total":6,"covered":6,"skipped":0,"pct":100},"functions":{"total":1,"covered":1,"skipped":0,"pct":100},"statements":{"total":6,"covered":6,"skipped":0,"pct":100},"branches":{"total":0,"covered":0,"skipped":0,"pct":100}}
,"/Users/johnmitsch/qn-oss/packages/libs/sdk/src/api/utils/postQueryFormatter.ts": {"lines":{"total":11,"covered":11,"skipped":0,"pct":100},"functions":{"total":3,"covered":3,"skipped":0,"pct":100},"statements":{"total":12,"covered":12,"skipped":0,"pct":100},"branches":{"total":6,"covered":5,"skipped":0,"pct":83.33}}
,"/Users/johnmitsch/qn-oss/packages/libs/sdk/src/api/utils/removeNodesAndEdges.ts": {"lines":{"total":29,"covered":28,"skipped":0,"pct":96.55},"functions":{"total":7,"covered":7,"skipped":0,"pct":100},"statements":{"total":36,"covered":32,"skipped":0,"pct":88.88},"branches":{"total":31,"covered":27,"skipped":0,"pct":87.09}}
,"/Users/johnmitsch/qn-oss/packages/libs/sdk/src/client/client.ts": {"lines":{"total":3,"covered":3,"skipped":0,"pct":100},"functions":{"total":0,"covered":0,"skipped":0,"pct":100},"statements":{"total":3,"covered":3,"skipped":0,"pct":100},"branches":{"total":0,"covered":0,"skipped":0,"pct":100}}
,"/Users/johnmitsch/qn-oss/packages/libs/sdk/src/client/index.ts": {"lines":{"total":2,"covered":2,"skipped":0,"pct":100},"functions":{"total":0,"covered":0,"skipped":0,"pct":100},"statements":{"total":2,"covered":2,"skipped":0,"pct":100},"branches":{"total":0,"covered":0,"skipped":0,"pct":100}}
}
